0 verbose cli D:\Program Files\nodejs\node.exe D:\Program Files\nodejs\node_modules\npm\bin\npm-cli.js
1 info using npm@10.5.2
2 info using node@v20.13.1
3 timing npm:load:whichnode Completed in 2ms
4 timing config:load:defaults Completed in 2ms
5 timing config:load:file:D:\Program Files\nodejs\node_modules\npm\npmrc Completed in 3ms
6 timing config:load:builtin Completed in 3ms
7 timing config:load:cli Completed in 3ms
8 timing config:load:env Completed in 0ms
9 timing config:load:file:D:\Users\wuzijie\CLionProjects\untitled\.npmrc Completed in 1ms
10 timing config:load:project Completed in 4ms
11 timing config:load:file:C:\Users\wuzijie\.npmrc Completed in 2ms
12 timing config:load:user Completed in 2ms
13 timing config:load:file:D:\Net_Program\Net_NodeJS\node_global\etc\npmrc Completed in 0ms
14 timing config:load:global Completed in 0ms
15 timing config:load:setEnvs Completed in 1ms
16 timing config:load Completed in 17ms
17 timing npm:load:configload Completed in 17ms
18 timing config:load:flatten Completed in 3ms
19 timing npm:load:mkdirpcache Completed in 0ms
20 timing npm:load:mkdirplogs Completed in 0ms
21 verbose title npm
22 verbose argv "--version"
23 timing npm:load:setTitle Completed in 1ms
24 timing npm:load:display Completed in 1ms
25 verbose logfile logs-max:10 dir:D:\Users\wuzijie\CLionProjects\untitled\node_cache\_logs\2024-06-17T05_25_25_296Z-
26 verbose logfile D:\Users\wuzijie\CLionProjects\untitled\node_cache\_logs\2024-06-17T05_25_25_296Z-debug-0.log
27 timing npm:load:logFile Completed in 39ms
28 timing npm:load:timers Completed in 0ms
29 timing npm:load:configScope Completed in 0ms
30 timing npm:load Completed in 96ms
31 verbose exit 0
32 timing npm Completed in 111ms
33 info ok
